<?xml version="1.0" encoding="UTF-8"?>
<robot generator="Robot 7.0 (Python 3.11.4 on darwin)" generated="2024-03-01T17:06:01.092610" rpa="false" schemaversion="5">
<suite id="s1" name="Gallery" source="/Users/viviannemelo/Documents/projects/QA/robot_framework/gucci_automation_test/tests/gallery.robot">
<test id="s1-t1" name="Gallery" line="7">
<kw name="Given start the USA Home page" owner="gallery_kws">
<kw name="Sleep" owner="BuiltIn">
<msg time="2024-03-01T17:06:03.105432" level="INFO">Slept 2 seconds.</msg>
<arg>2s</arg>
<doc>Pauses the test executed for the given time.</doc>
<status status="PASS" start="2024-03-01T17:06:01.102940" elapsed="2.003178"/>
</kw>
<kw name="Wait Until Element Is Visible">
<msg time="2024-03-01T17:06:03.109680" level="FAIL">No keyword with name 'Wait Until Element Is Visible' found.</msg>
<arg>${HOME_BANNER}</arg>
<status status="FAIL" start="2024-03-01T17:06:03.109552" elapsed="0.000275">No keyword with name 'Wait Until Element Is Visible' found.</status>
</kw>
<kw name="Wait Until Element Is Visible">
<arg>${GALLERY}</arg>
<status status="NOT RUN" start="2024-03-01T17:06:03.111279" elapsed="0.000024"/>
</kw>
<kw name="Click Element">
<arg>${GALLERY}</arg>
<status status="NOT RUN" start="2024-03-01T17:06:03.112380" elapsed="0.000026"/>
</kw>
<status status="FAIL" start="2024-03-01T17:06:01.102748" elapsed="2.009922">No keyword with name 'Wait Until Element Is Visible' found.</status>
</kw>
<tag>gallery</tag>
<status status="FAIL" start="2024-03-01T17:06:01.102564" elapsed="2.010548">No keyword with name 'Wait Until Element Is Visible' found.</status>
</test>
<doc>Gallery</doc>
<status status="FAIL" start="2024-03-01T17:06:01.093135" elapsed="2.020697"/>
</suite>
<statistics>
<total>
<stat pass="0" fail="1" skip="0">All Tests</stat>
</total>
<tag>
<stat pass="0" fail="1" skip="0">gallery</stat>
</tag>
<suite>
<stat pass="0" fail="1" skip="0" id="s1" name="Gallery">Gallery</stat>
</suite>
</statistics>
<errors>
</errors>
</robot>
